Change Component Designator: Old Designator=C1 New Designator=C?
Change Component Designator: Old Designator=C2 New Designator=C?
Change Component Designator: Old Designator=C3 New Designator=C?
Change Component Designator: Old Designator=C4 New Designator=C?
Change Component Designator: Old Designator=C5 New Designator=C?
Change Component Designator: Old Designator=C6 New Designator=C?
Change Component Designator: Old Designator=D1 New Designator=D?
Change Component Designator: Old Designator=IC1 New Designator=IC?
Change Component Designator: Old Designator=IC2 New Designator=IC?
Change Component Designator: Old Designator=IC3 New Designator=IC?
Change Component Designator: Old Designator=IC4 New Designator=IC?
Change Component Designator: Old Designator=P1 New Designator=P?
Change Component Designator: Old Designator=P2 New Designator=P?
Change Component Designator: Old Designator=P3 New Designator=P?
Change Component Designator: Old Designator=P3 New Designator=P?
Change Component Designator: Old Designator=P4 New Designator=P?
Change Component Designator: Old Designator=P4 New Designator=P?
Change Component Designator: Old Designator=P5 New Designator=P?
Change Component Designator: Old Designator=P5 New Designator=P?
Change Component Designator: Old Designator=P6 New Designator=P?
Change Component Designator: Old Designator=R1 New Designator=R?
Change Component Designator: Old Designator=R2 New Designator=R?
Change Component Designator: Old Designator=R3 New Designator=R?
Change Component Designator: Old Designator=R4 New Designator=R?
Change Component Designator: Old Designator=Rnpn1 New Designator=Rnpn?
Change Component Designator: Old Designator=Rnpn2 New Designator=Rnpn?
Change Component Designator: Old Designator=Rnpn3 New Designator=Rnpn?
Change Component Designator: Old Designator=Rnpn3 New Designator=Rnpn?
Change Component Designator: Old Designator=Rnpn4 New Designator=Rnpn?
Change Component Designator: Old Designator=Rnpn4 New Designator=Rnpn?
Change Component Designator: Old Designator=Rnpn5 New Designator=Rnpn?
Change Component Designator: Old Designator=Rnpn6 New Designator=Rnpn?
Change Component Designator: Old Designator=Rpnp1 New Designator=Rpnp?
Change Component Designator: Old Designator=Rpnp2 New Designator=Rpnp?
Change Component Designator: Old Designator=Rpnp3 New Designator=Rpnp?
Change Component Designator: Old Designator=Rpnp3 New Designator=Rpnp?
Change Component Designator: Old Designator=Rpnp4 New Designator=Rpnp?
Change Component Designator: Old Designator=Rpnp4 New Designator=Rpnp?
Change Component Designator: Old Designator=Rpnp5 New Designator=Rpnp?
Change Component Designator: Old Designator=Rpnp6 New Designator=Rpnp?
