Change Component Designator: Old Designator=C4 New Designator=C5
Change Component Designator: Old Designator=C4 New Designator=C6
Change Component Designator: Old Designator=IC2 New Designator=IC3
Change Component Designator: Old Designator=IC2 New Designator=IC4
Change Component Designator: Old Designator=P3 New Designator=P4
Change Component Designator: Old Designator=P3 New Designator=P6
Change Component Designator: Old Designator=P3 New Designator=P8
Change Component Designator: Old Designator=P4 New Designator=P5
Change Component Designator: Old Designator=P4 New Designator=P7
Change Component Designator: Old Designator=P4 New Designator=P9
Change Component Designator: Old Designator=R2 New Designator=R3
Change Component Designator: Old Designator=R2 New Designator=R4
Change Component Designator: Old Designator=Rnpn2 New Designator=Rnpn3
Change Component Designator: Old Designator=Rnpn2 New Designator=Rnpn5
Change Component Designator: Old Designator=Rnpn2 New Designator=Rnpn6
Change Component Designator: Old Designator=Rnpn3 New Designator=Rnpn4
Change Component Designator: Old Designator=Rnpn3 New Designator=Rnpn7
Change Component Designator: Old Designator=Rnpn3 New Designator=Rnpn8
Change Component Designator: Old Designator=Rpnp2 New Designator=Rpnp3
Change Component Designator: Old Designator=Rpnp2 New Designator=Rpnp5
Change Component Designator: Old Designator=Rpnp2 New Designator=Rpnp6
Change Component Designator: Old Designator=Rpnp3 New Designator=Rpnp4
Change Component Designator: Old Designator=Rpnp3 New Designator=Rpnp7
Change Component Designator: Old Designator=Rpnp3 New Designator=Rpnp8
