Change Component Designator: Old Designator=C? New Designator=C1
Change Component Designator: Old Designator=C? New Designator=C2
Change Component Designator: Old Designator=C? New Designator=C3
Change Component Designator: Old Designator=C? New Designator=C4
Change Component Designator: Old Designator=C? New Designator=C5
Change Component Designator: Old Designator=C? New Designator=C6
Change Component Designator: Old Designator=D? New Designator=D1
Change Component Designator: Old Designator=IC? New Designator=IC1
Change Component Designator: Old Designator=IC? New Designator=IC2
Change Component Designator: Old Designator=IC? New Designator=IC3
Change Component Designator: Old Designator=IC? New Designator=IC4
Change Component Designator: Old Designator=P? New Designator=P1
Change Component Designator: Old Designator=P? New Designator=P2
Change Component Designator: Old Designator=P? New Designator=P3
Change Component Designator: Old Designator=P? New Designator=P4
Change Component Designator: Old Designator=P? New Designator=P5
Change Component Designator: Old Designator=P? New Designator=P6
Change Component Designator: Old Designator=P? New Designator=P7
Change Component Designator: Old Designator=P? New Designator=P8
Change Component Designator: Old Designator=P? New Designator=P9
Change Component Designator: Old Designator=R? New Designator=R1
Change Component Designator: Old Designator=R? New Designator=R2
Change Component Designator: Old Designator=R? New Designator=R3
Change Component Designator: Old Designator=R? New Designator=R4
Change Component Designator: Old Designator=Rnpn? New Designator=Rnpn1
Change Component Designator: Old Designator=Rnpn? New Designator=Rnpn2
Change Component Designator: Old Designator=Rnpn? New Designator=Rnpn3
Change Component Designator: Old Designator=Rnpn? New Designator=Rnpn4
Change Component Designator: Old Designator=Rnpn? New Designator=Rnpn5
Change Component Designator: Old Designator=Rnpn? New Designator=Rnpn6
Change Component Designator: Old Designator=Rnpn? New Designator=Rnpn7
Change Component Designator: Old Designator=Rnpn? New Designator=Rnpn8
Change Component Designator: Old Designator=Rpnp? New Designator=Rpnp1
Change Component Designator: Old Designator=Rpnp? New Designator=Rpnp2
Change Component Designator: Old Designator=Rpnp? New Designator=Rpnp3
Change Component Designator: Old Designator=Rpnp? New Designator=Rpnp4
Change Component Designator: Old Designator=Rpnp? New Designator=Rpnp5
Change Component Designator: Old Designator=Rpnp? New Designator=Rpnp6
Change Component Designator: Old Designator=Rpnp? New Designator=Rpnp7
Change Component Designator: Old Designator=Rpnp? New Designator=Rpnp8
