Change Component Designator: Old Designator=C3 New Designator=C4
Change Component Designator: Old Designator=C3 New Designator=C5
Change Component Designator: Old Designator=C3 New Designator=C6
Change Component Designator: Old Designator=IC1 New Designator=IC2
Change Component Designator: Old Designator=IC1 New Designator=IC3
Change Component Designator: Old Designator=IC1 New Designator=IC4
Change Component Designator: Old Designator=P2 New Designator=P4
Change Component Designator: Old Designator=P2 New Designator=P6
Change Component Designator: Old Designator=P2 New Designator=P8
Change Component Designator: Old Designator=P3 New Designator=P5
Change Component Designator: Old Designator=P3 New Designator=P7
Change Component Designator: Old Designator=P3 New Designator=P9
Change Component Designator: Old Designator=R1 New Designator=R2
Change Component Designator: Old Designator=R1 New Designator=R3
Change Component Designator: Old Designator=R1 New Designator=R4
Change Component Designator: Old Designator=Rnpn1 New Designator=Rnpn2
Change Component Designator: Old Designator=Rnpn1 New Designator=Rnpn5
Change Component Designator: Old Designator=Rnpn1 New Designator=Rnpn7
Change Component Designator: Old Designator=Rnpn11 New Designator=Rnpn3
Change Component Designator: Old Designator=Rnpn11 New Designator=Rnpn4
Change Component Designator: Old Designator=Rnpn11 New Designator=Rnpn6
Change Component Designator: Old Designator=Rnpn11 New Designator=Rnpn8
Change Component Designator: Old Designator=Rpnp1 New Designator=Rpnp3
Change Component Designator: Old Designator=Rpnp1 New Designator=Rpnp4
Change Component Designator: Old Designator=Rpnp1 New Designator=Rpnp6
Change Component Designator: Old Designator=Rpnp1 New Designator=Rpnp8
Change Component Designator: Old Designator=Rpnp11 New Designator=Rpnp1
Change Component Designator: Old Designator=Rpnp11 New Designator=Rpnp2
Change Component Designator: Old Designator=Rpnp11 New Designator=Rpnp5
Change Component Designator: Old Designator=Rpnp11 New Designator=Rpnp7
